2018-06-10 18:59:21.609|INFO|http-bio-18080-exec-1|c.s.s.c.UserController:23|Request id is:1.
2018-06-10 19:06:27.263|INFO|http-bio-18080-exec-4|c.s.s.c.UserController:23|Request id is:1.
2018-06-10 19:06:34.500|INFO|http-bio-18080-exec-5|c.s.s.c.UserController:29|Request id is:1.
2018-06-10 19:06:34.504|INFO|http-bio-18080-exec-5|c.s.s.c.UserController:32|Find user:User(id=1, name=zhangsan, age=20, desc=beautiful)
2018-06-10 19:27:12.808|INFO|http-bio-18080-exec-2|c.s.s.c.UserController:24|Request id is:1.
2018-06-10 19:27:20.342|INFO|http-bio-18080-exec-4|c.s.s.c.UserController:30|Request id is:1.
2018-06-10 19:27:20.346|INFO|http-bio-18080-exec-4|c.s.s.c.UserController:33|Find user:User(id=1, name=zhangsan, age=20, desc=beautiful)
2018-06-10 19:28:41.951|INFO|http-bio-18080-exec-1|c.s.s.c.UserController:30|Request id is:1.
2018-06-10 19:28:42.044|INFO|http-bio-18080-exec-1|c.s.s.c.UserController:33|Find user:User(id=1, name=zhangsan, age=20, desc=beautiful)
2018-06-10 19:28:44.419|INFO|http-bio-18080-exec-3|c.s.s.c.UserController:30|Request id is:1.
2018-06-10 19:28:44.422|INFO|http-bio-18080-exec-3|c.s.s.c.UserController:33|Find user:User(id=1, name=zhangsan, age=20, desc=beautiful)
2018-06-10 19:33:49.177|INFO|http-bio-18080-exec-1|c.s.s.c.UserController:30|Request id is:1.
2018-06-10 19:33:49.246|INFO|http-bio-18080-exec-1|c.s.s.c.UserController:33|Find user:User(id=1, name=zhangsan, age=20, desc=beautiful)
2018-06-10 19:35:50.320|INFO|http-bio-18080-exec-1|c.s.s.c.UserController:30|Request id is:1.
2018-06-10 19:35:50.398|INFO|http-bio-18080-exec-1|c.s.s.c.UserController:33|Find user:User(id=1, name=zhangsan, age=20, desc=beautiful)
2018-06-10 19:36:52.631|INFO|http-bio-18080-exec-1|c.s.s.c.UserController:30|Request id is:1.
2018-06-10 19:36:52.707|INFO|http-bio-18080-exec-1|c.s.s.c.UserController:33|Find user:User(id=1, name=zhangsan, age=20, desc=beautiful)
2018-06-10 19:43:14.421|INFO|pool-2-thread-1|c.s.s.c.t.ScheduledTasks:30|Scheduling Tasks Examples: The time is now 19:43:14
2018-06-10 19:43:15.102|INFO|pool-3-thread-1|c.s.s.c.t.ScheduledTasks:30|Scheduling Tasks Examples: The time is now 19:43:15
2018-06-10 19:43:24.423|INFO|pool-2-thread-1|c.s.s.c.t.ScheduledTasks:30|Scheduling Tasks Examples: The time is now 19:43:24
2018-06-10 19:43:25.105|INFO|pool-3-thread-1|c.s.s.c.t.ScheduledTasks:30|Scheduling Tasks Examples: The time is now 19:43:25
2018-06-10 19:43:34.422|INFO|pool-2-thread-1|c.s.s.c.t.ScheduledTasks:30|Scheduling Tasks Examples: The time is now 19:43:34
2018-06-10 19:43:35.105|INFO|pool-3-thread-1|c.s.s.c.t.ScheduledTasks:30|Scheduling Tasks Examples: The time is now 19:43:35
2018-06-10 19:43:44.424|INFO|pool-2-thread-1|c.s.s.c.t.ScheduledTasks:30|Scheduling Tasks Examples: The time is now 19:43:44
2018-06-10 19:43:45.106|INFO|pool-3-thread-1|c.s.s.c.t.ScheduledTasks:30|Scheduling Tasks Examples: The time is now 19:43:45
2018-06-10 19:46:30.416|INFO|pool-2-thread-1|c.s.s.c.t.ScheduledTasks:30|Scheduling Tasks Examples: The time is now 19:46:30
2018-06-10 19:46:40.418|INFO|pool-2-thread-1|c.s.s.c.t.ScheduledTasks:30|Scheduling Tasks Examples: The time is now 19:46:40
2018-06-10 19:46:50.418|INFO|pool-2-thread-1|c.s.s.c.t.ScheduledTasks:30|Scheduling Tasks Examples: The time is now 19:46:50
2018-06-10 19:47:00.001|INFO|pool-2-thread-1|c.s.s.c.t.ScheduledTasks:36|Scheduling Tasks Examples By Cron: The time is now 19:47:00
2018-06-10 19:47:00.420|INFO|pool-2-thread-1|c.s.s.c.t.ScheduledTasks:30|Scheduling Tasks Examples: The time is now 19:47:00
2018-06-10 19:47:10.420|INFO|pool-2-thread-1|c.s.s.c.t.ScheduledTasks:30|Scheduling Tasks Examples: The time is now 19:47:10
2018-06-10 19:47:20.419|INFO|pool-2-thread-1|c.s.s.c.t.ScheduledTasks:30|Scheduling Tasks Examples: The time is now 19:47:20
2018-06-10 19:47:30.421|INFO|pool-2-thread-1|c.s.s.c.t.ScheduledTasks:30|Scheduling Tasks Examples: The time is now 19:47:30
2018-06-10 19:47:40.420|INFO|pool-2-thread-1|c.s.s.c.t.ScheduledTasks:30|Scheduling Tasks Examples: The time is now 19:47:40
2018-06-10 19:47:50.420|INFO|pool-2-thread-1|c.s.s.c.t.ScheduledTasks:30|Scheduling Tasks Examples: The time is now 19:47:50
2018-06-10 19:48:00.005|INFO|pool-2-thread-1|c.s.s.c.t.ScheduledTasks:36|Scheduling Tasks Examples By Cron: The time is now 19:48:00
2018-06-10 19:48:00.416|INFO|pool-2-thread-1|c.s.s.c.t.ScheduledTasks:30|Scheduling Tasks Examples: The time is now 19:48:00
2018-06-10 19:48:10.419|INFO|pool-2-thread-1|c.s.s.c.t.ScheduledTasks:30|Scheduling Tasks Examples: The time is now 19:48:10
2018-06-10 19:48:20.418|INFO|pool-2-thread-1|c.s.s.c.t.ScheduledTasks:30|Scheduling Tasks Examples: The time is now 19:48:20
2018-06-10 19:48:30.419|INFO|pool-2-thread-1|c.s.s.c.t.ScheduledTasks:30|Scheduling Tasks Examples: The time is now 19:48:30
2018-06-10 19:48:40.420|INFO|pool-2-thread-1|c.s.s.c.t.ScheduledTasks:30|Scheduling Tasks Examples: The time is now 19:48:40
2018-06-10 19:48:50.421|INFO|pool-2-thread-1|c.s.s.c.t.ScheduledTasks:30|Scheduling Tasks Examples: The time is now 19:48:50
2018-06-10 19:48:58.549|INFO|http-bio-18080-exec-1|c.s.s.c.UserController:30|Request id is:1.
2018-06-10 19:48:58.630|INFO|http-bio-18080-exec-1|c.s.s.c.UserController:33|Find user:User(id=1, name=zhangsan, age=20, desc=beautiful)
2018-06-10 19:49:00.001|INFO|pool-2-thread-1|c.s.s.c.t.ScheduledTasks:36|Scheduling Tasks Examples By Cron: The time is now 19:49:00
2018-06-10 19:49:00.421|INFO|pool-2-thread-1|c.s.s.c.t.ScheduledTasks:30|Scheduling Tasks Examples: The time is now 19:49:00
2018-06-10 19:49:02.595|INFO|http-bio-18080-exec-3|c.s.s.c.UserController:30|Request id is:1.
2018-06-10 19:49:02.598|INFO|http-bio-18080-exec-3|c.s.s.c.UserController:33|Find user:User(id=1, name=zhangsan, age=20, desc=beautiful)
2018-06-10 19:49:10.416|INFO|pool-2-thread-1|c.s.s.c.t.ScheduledTasks:30|Scheduling Tasks Examples: The time is now 19:49:10
2018-06-10 19:49:20.418|INFO|pool-2-thread-1|c.s.s.c.t.ScheduledTasks:30|Scheduling Tasks Examples: The time is now 19:49:20
2018-06-10 19:49:30.417|INFO|pool-2-thread-1|c.s.s.c.t.ScheduledTasks:30|Scheduling Tasks Examples: The time is now 19:49:30
2018-06-10 19:49:40.420|INFO|pool-2-thread-1|c.s.s.c.t.ScheduledTasks:30|Scheduling Tasks Examples: The time is now 19:49:40
2018-06-10 19:49:50.418|INFO|pool-2-thread-1|c.s.s.c.t.ScheduledTasks:30|Scheduling Tasks Examples: The time is now 19:49:50
2018-06-10 19:50:00.005|INFO|pool-2-thread-1|c.s.s.c.t.ScheduledTasks:36|Scheduling Tasks Examples By Cron: The time is now 19:50:00
2018-06-10 19:50:00.421|INFO|pool-2-thread-1|c.s.s.c.t.ScheduledTasks:30|Scheduling Tasks Examples: The time is now 19:50:00
2018-06-10 19:50:10.421|INFO|pool-2-thread-1|c.s.s.c.t.ScheduledTasks:30|Scheduling Tasks Examples: The time is now 19:50:10
2018-06-10 19:50:20.420|INFO|pool-2-thread-1|c.s.s.c.t.ScheduledTasks:30|Scheduling Tasks Examples: The time is now 19:50:20
2018-06-10 19:50:30.422|INFO|pool-2-thread-1|c.s.s.c.t.ScheduledTasks:30|Scheduling Tasks Examples: The time is now 19:50:30
2018-06-10 19:50:40.420|INFO|pool-2-thread-1|c.s.s.c.t.ScheduledTasks:30|Scheduling Tasks Examples: The time is now 19:50:40
2018-06-10 19:50:50.420|INFO|pool-2-thread-1|c.s.s.c.t.ScheduledTasks:30|Scheduling Tasks Examples: The time is now 19:50:50
2018-06-10 19:51:00.004|INFO|pool-2-thread-1|c.s.s.c.t.ScheduledTasks:36|Scheduling Tasks Examples By Cron: The time is now 19:51:00
2018-06-10 19:51:00.420|INFO|pool-2-thread-1|c.s.s.c.t.ScheduledTasks:30|Scheduling Tasks Examples: The time is now 19:51:00
2018-06-10 19:51:10.420|INFO|pool-2-thread-1|c.s.s.c.t.ScheduledTasks:30|Scheduling Tasks Examples: The time is now 19:51:10
2018-06-10 19:51:20.418|INFO|pool-2-thread-1|c.s.s.c.t.ScheduledTasks:30|Scheduling Tasks Examples: The time is now 19:51:20
2018-06-10 19:51:30.421|INFO|pool-2-thread-1|c.s.s.c.t.ScheduledTasks:30|Scheduling Tasks Examples: The time is now 19:51:30
2018-06-10 19:51:40.418|INFO|pool-2-thread-1|c.s.s.c.t.ScheduledTasks:30|Scheduling Tasks Examples: The time is now 19:51:40
2018-06-10 19:51:50.418|INFO|pool-2-thread-1|c.s.s.c.t.ScheduledTasks:30|Scheduling Tasks Examples: The time is now 19:51:50
2018-06-10 19:52:00.002|INFO|pool-2-thread-1|c.s.s.c.t.ScheduledTasks:36|Scheduling Tasks Examples By Cron: The time is now 19:52:00
2018-06-10 19:52:00.421|INFO|pool-2-thread-1|c.s.s.c.t.ScheduledTasks:30|Scheduling Tasks Examples: The time is now 19:52:00
2018-06-10 19:52:10.419|INFO|pool-2-thread-1|c.s.s.c.t.ScheduledTasks:30|Scheduling Tasks Examples: The time is now 19:52:10
2018-06-10 19:52:20.418|INFO|pool-2-thread-1|c.s.s.c.t.ScheduledTasks:30|Scheduling Tasks Examples: The time is now 19:52:20
2018-06-10 19:52:30.419|INFO|pool-2-thread-1|c.s.s.c.t.ScheduledTasks:30|Scheduling Tasks Examples: The time is now 19:52:30
2018-06-10 19:52:40.419|INFO|pool-2-thread-1|c.s.s.c.t.ScheduledTasks:30|Scheduling Tasks Examples: The time is now 19:52:40
2018-06-10 19:52:50.420|INFO|pool-2-thread-1|c.s.s.c.t.ScheduledTasks:30|Scheduling Tasks Examples: The time is now 19:52:50
2018-06-10 19:53:00.003|INFO|pool-2-thread-1|c.s.s.c.t.ScheduledTasks:36|Scheduling Tasks Examples By Cron: The time is now 19:53:00
2018-06-10 19:53:00.420|INFO|pool-2-thread-1|c.s.s.c.t.ScheduledTasks:30|Scheduling Tasks Examples: The time is now 19:53:00
2018-06-10 19:53:10.419|INFO|pool-2-thread-1|c.s.s.c.t.ScheduledTasks:30|Scheduling Tasks Examples: The time is now 19:53:10
2018-06-10 19:53:20.420|INFO|pool-2-thread-1|c.s.s.c.t.ScheduledTasks:30|Scheduling Tasks Examples: The time is now 19:53:20
2018-06-10 19:53:30.419|INFO|pool-2-thread-1|c.s.s.c.t.ScheduledTasks:30|Scheduling Tasks Examples: The time is now 19:53:30
2018-06-10 19:53:40.417|INFO|pool-2-thread-1|c.s.s.c.t.ScheduledTasks:30|Scheduling Tasks Examples: The time is now 19:53:40
2018-06-10 19:53:50.418|INFO|pool-2-thread-1|c.s.s.c.t.ScheduledTasks:30|Scheduling Tasks Examples: The time is now 19:53:50
2018-06-10 19:54:00.004|INFO|pool-2-thread-1|c.s.s.c.t.ScheduledTasks:36|Scheduling Tasks Examples By Cron: The time is now 19:54:00
2018-06-10 19:54:00.421|INFO|pool-2-thread-1|c.s.s.c.t.ScheduledTasks:30|Scheduling Tasks Examples: The time is now 19:54:00
2018-06-10 19:54:10.421|INFO|pool-2-thread-1|c.s.s.c.t.ScheduledTasks:30|Scheduling Tasks Examples: The time is now 19:54:10
2018-06-10 19:54:20.420|INFO|pool-2-thread-1|c.s.s.c.t.ScheduledTasks:30|Scheduling Tasks Examples: The time is now 19:54:20
2018-06-10 19:54:30.423|INFO|pool-2-thread-1|c.s.s.c.t.ScheduledTasks:30|Scheduling Tasks Examples: The time is now 19:54:30
2018-06-10 19:54:40.421|INFO|pool-2-thread-1|c.s.s.c.t.ScheduledTasks:30|Scheduling Tasks Examples: The time is now 19:54:40
2018-06-10 19:54:50.421|INFO|pool-2-thread-1|c.s.s.c.t.ScheduledTasks:30|Scheduling Tasks Examples: The time is now 19:54:50
2018-06-10 19:55:00.007|INFO|pool-2-thread-1|c.s.s.c.t.ScheduledTasks:36|Scheduling Tasks Examples By Cron: The time is now 19:55:00
2018-06-10 19:55:00.423|INFO|pool-2-thread-1|c.s.s.c.t.ScheduledTasks:30|Scheduling Tasks Examples: The time is now 19:55:00
2018-06-10 19:55:10.424|INFO|pool-2-thread-1|c.s.s.c.t.ScheduledTasks:30|Scheduling Tasks Examples: The time is now 19:55:10
2018-06-10 19:55:20.426|INFO|pool-2-thread-1|c.s.s.c.t.ScheduledTasks:30|Scheduling Tasks Examples: The time is now 19:55:20
2018-06-10 19:55:30.423|INFO|pool-2-thread-1|c.s.s.c.t.ScheduledTasks:30|Scheduling Tasks Examples: The time is now 19:55:30
2018-06-10 19:55:40.422|INFO|pool-2-thread-1|c.s.s.c.t.ScheduledTasks:30|Scheduling Tasks Examples: The time is now 19:55:40
2018-06-10 19:55:50.424|INFO|pool-2-thread-1|c.s.s.c.t.ScheduledTasks:30|Scheduling Tasks Examples: The time is now 19:55:50
2018-06-10 19:56:00.001|INFO|pool-2-thread-1|c.s.s.c.t.ScheduledTasks:36|Scheduling Tasks Examples By Cron: The time is now 19:56:00
2018-06-10 19:56:00.421|INFO|pool-2-thread-1|c.s.s.c.t.ScheduledTasks:30|Scheduling Tasks Examples: The time is now 19:56:00
2018-06-10 19:56:10.424|INFO|pool-2-thread-1|c.s.s.c.t.ScheduledTasks:30|Scheduling Tasks Examples: The time is now 19:56:10
2018-06-10 19:56:20.422|INFO|pool-2-thread-1|c.s.s.c.t.ScheduledTasks:30|Scheduling Tasks Examples: The time is now 19:56:20
2018-06-10 19:56:30.424|INFO|pool-2-thread-1|c.s.s.c.t.ScheduledTasks:30|Scheduling Tasks Examples: The time is now 19:56:30
2018-06-10 19:56:40.421|INFO|pool-2-thread-1|c.s.s.c.t.ScheduledTasks:30|Scheduling Tasks Examples: The time is now 19:56:40
2018-06-10 19:56:50.422|INFO|pool-2-thread-1|c.s.s.c.t.ScheduledTasks:30|Scheduling Tasks Examples: The time is now 19:56:50
2018-06-10 19:57:00.001|INFO|pool-2-thread-1|c.s.s.c.t.ScheduledTasks:36|Scheduling Tasks Examples By Cron: The time is now 19:57:00
2018-06-10 19:57:00.424|INFO|pool-2-thread-1|c.s.s.c.t.ScheduledTasks:30|Scheduling Tasks Examples: The time is now 19:57:00
2018-06-10 19:57:10.424|INFO|pool-2-thread-1|c.s.s.c.t.ScheduledTasks:30|Scheduling Tasks Examples: The time is now 19:57:10
2018-06-10 19:57:20.423|INFO|pool-2-thread-1|c.s.s.c.t.ScheduledTasks:30|Scheduling Tasks Examples: The time is now 19:57:20
2018-06-10 19:57:37.236|INFO|pool-2-thread-1|c.s.s.c.t.ScheduledTasks:30|Scheduling Tasks Examples: The time is now 19:57:37
2018-06-10 19:57:47.212|INFO|http-bio-18080-exec-1|c.s.s.c.UserController:25|Request id is:1.
2018-06-10 19:57:47.237|INFO|pool-2-thread-1|c.s.s.c.t.ScheduledTasks:30|Scheduling Tasks Examples: The time is now 19:57:47
2018-06-10 19:57:57.239|INFO|pool-2-thread-1|c.s.s.c.t.ScheduledTasks:30|Scheduling Tasks Examples: The time is now 19:57:57
2018-06-10 19:58:00.001|INFO|pool-2-thread-1|c.s.s.c.t.ScheduledTasks:36|Scheduling Tasks Examples By Cron: The time is now 19:58:00
2018-06-10 19:58:04.426|INFO|http-bio-18080-exec-3|c.s.s.c.UserController:25|Request id is:1.
2018-06-10 19:58:07.236|INFO|pool-2-thread-1|c.s.s.c.t.ScheduledTasks:30|Scheduling Tasks Examples: The time is now 19:58:07
2018-06-10 19:58:17.239|INFO|pool-2-thread-1|c.s.s.c.t.ScheduledTasks:30|Scheduling Tasks Examples: The time is now 19:58:17
2018-06-10 19:58:27.239|INFO|pool-2-thread-1|c.s.s.c.t.ScheduledTasks:30|Scheduling Tasks Examples: The time is now 19:58:27
2018-06-10 19:58:37.238|INFO|pool-2-thread-1|c.s.s.c.t.ScheduledTasks:30|Scheduling Tasks Examples: The time is now 19:58:37
2018-06-10 19:58:47.239|INFO|pool-2-thread-1|c.s.s.c.t.ScheduledTasks:30|Scheduling Tasks Examples: The time is now 19:58:47
2018-06-10 19:58:57.239|INFO|pool-2-thread-1|c.s.s.c.t.ScheduledTasks:30|Scheduling Tasks Examples: The time is now 19:58:57
2018-06-10 19:59:00.006|INFO|pool-2-thread-1|c.s.s.c.t.ScheduledTasks:36|Scheduling Tasks Examples By Cron: The time is now 19:59:00
2018-06-10 19:59:07.239|INFO|pool-2-thread-1|c.s.s.c.t.ScheduledTasks:30|Scheduling Tasks Examples: The time is now 19:59:07
2018-06-10 19:59:25.779|INFO|pool-2-thread-1|c.s.s.c.t.ScheduledTasks:30|Scheduling Tasks Examples: The time is now 19:59:25
2018-06-10 19:59:28.171|INFO|http-bio-18080-exec-1|c.s.s.c.UserController:25|Request id is:1.
2018-06-10 20:05:16.324|INFO|pool-2-thread-1|c.s.s.c.t.ScheduledTasks:30|Scheduling Tasks Examples: The time is now 20:05:16
2018-06-10 20:05:16.413|WARN|main|c.s.s.c.a.LogAspect:37|Log###1528632316411, queryById, service
2018-06-10 20:05:16.509|WARN|main|c.s.s.c.a.LogAspect:41|Log###1528632316509, queryById, service
2018-06-10 20:05:16.509|INFO|main|c.s.s.MyBatisTest:44|User(id=2, name=Tom, age=18, desc=awesome)
2018-06-10 20:05:52.096|INFO|pool-2-thread-1|c.s.s.c.t.ScheduledTasks:30|Scheduling Tasks Examples: The time is now 20:05:52
2018-06-10 20:05:58.457|INFO|http-bio-18080-exec-1|c.s.s.c.UserController:23|Request id is:1.
2018-06-10 20:05:58.472|WARN|http-bio-18080-exec-1|c.s.s.c.a.LogAspect:37|Log###1528632358472, queryById, service
2018-06-10 20:05:58.559|WARN|http-bio-18080-exec-1|c.s.s.c.a.LogAspect:41|Log###1528632358559, queryById, service
2018-06-10 20:06:00.006|INFO|pool-2-thread-1|c.s.s.c.t.ScheduledTasks:36|Scheduling Tasks Examples By Cron: The time is now 20:06:00
